android/app/seeds.txt
com.wayangkulitcnn.MainApplication: MainApplication()
com.wayangkulitcnn.MainActivity
com.wayangkulitcnn.MainApplication
com.wayangkulitcnn.MainActivity: MainActivity()
...
androidx.appcompat.R$drawable: int abc_ratingbar_small_material
androidx.swiperefreshlayout.widget.SwipeRefreshLayout: void setTargetOffsetTopAndBottom(int)
com.facebook.react.views.viewpager.ReactViewPagerManager: void setScrollEnabled(com.facebook.react.views.viewpager.ReactViewPager,boolean)
com.facebook.react.R$style: int RtlOverlay_Widget_AppCompat_PopupMenuItem_InternalGroup
androidx.core.app.RemoteActionCompat: RemoteActionCompat()
okhttp3.internal.http2.Http2Stream$FramingSink: void close()
okhttp3.Cookie$Builder: okhttp3.Cookie$Builder value(java.lang.String)
com.facebook.react.bridge.JavaOnlyMap$1: com.facebook.react.bridge.JavaOnlyMap this$0
androidx.appcompat.R$attr: int expandActivityOverflowButtonDrawable
com.facebook.react.R$style: int Platform_AppCompat
org.reactnative.camera.CameraViewManager: CameraViewManager()
com.google.android.material.R$style: int ShapeAppearance_MaterialComponents_MediumComponent
com.facebook.fbreact.specs.NativeJSCSamplingProfilerSpec
com.horcrux.svg.RectView: void setX(com.facebook.react.bridge.Dynamic)
com.facebook.react.bridge.JavaOnlyMap: java.lang.String getString(java.lang.String)
androidx.appcompat.R$attr: int contentInsetStartWithNavigation
com.google.android.material.R$dimen: int mtrl_badge_radius
okhttp3.internal.publicsuffix.PublicSuffixDatabase: byte[] WILDCARD_LABEL
com.google.android.material.R$dimen: int mtrl_btn_dialog_btn_min_width
com.facebook.react.bridge.ReactContext: boolean hasNativeModule(java.lang.Class)
androidx.viewpager.widget.ViewPager: void setOnPageChangeListener(androidx.viewpager.widget.ViewPager$OnPageChangeListener)
com.google.android.material.card.MaterialCardView: android.content.res.ColorStateList getCardBackgroundColor()
com.facebook.react.modules.appearance.AppearanceModule: java.lang.String mColorScheme
com.RNFetchBlob.RNFetchBlob: void stat(java.lang.String,com.facebook.react.bridge.Callback)
com.google.android.material.appbar.HeaderScrollingViewBehavior: HeaderScrollingViewBehavior()
com.facebook.fbreact.specs.NativeClipboardSpec: void getString(com.facebook.react.bridge.Promise)
org.tensorflow.lite.NativeInterpreterWrapper: java.lang.String[] getOutputNames(long)
okhttp3.internal.Util: int delimiterOffset(java.lang.String,int,int,java.lang.String)
com.facebook.react.bridge.UIManager: void setAllowImmediateUIOperationExecution(boolean)
androidx.appcompat.widget.AppCompatTextView: androidx.core.text.PrecomputedTextCompat$Params getTextMetricsParamsCompat()
com.facebook.react.views.textinput.ReactTextInputManager: void setOnKeyPress(com.facebook.react.views.textinput.ReactEditText,boolean)
androidx.appcompat.R$attr: int windowFixedWidthMinor
com.google.android.material.R$styleable: int AppCompatTheme_listDividerAlertDialog
com.facebook.react.bridge.ReadableNativeMap: java.lang.Object getValue(java.lang.String)
com.google.android.material.R$color: int design_default_color_on_error
com.google.android.material.chip.Chip: void setOnCloseIconClickListener(android.view.View$OnClickListener)
okhttp3.internal.http2.Http2Writer: boolean client
com.google.android.material.chip.Chip: void setChipIconSizeResource(int)
com.google.android.material.R$drawable: int abc_ratingbar_small_material
com.facebook.react.views.scroll.ReactScrollViewManager: void setShowsVerticalScrollIndicator(com.facebook.react.views.scroll.ReactScrollView,boolean)
androidx.appcompat.widget.ButtonBarLayout: void setAllowStacking(boolean)
okhttp3.TlsVersion: java.lang.String javaName
com.google.android.material.R$attr: int fontWeight
com.google.android.material.R$attr: int alertDialogTheme
okhttp3.internal.huc.BufferedRequestBody: long contentLength()
com.google.android.material.R$attr: int queryBackground
androidx.appcompat.R$style: int Platform_ThemeOverlay_AppCompat
com.imagepicker.R$layout: int notification_template_part_time
com.facebook.fbreact.specs.NativePushNotificationManagerIOSSpec: void getInitialNotification(com.facebook.react.bridge.Promise)